<?xml version="1.0" encoding="UTF-8"?>
<!-- Generated by org.testng.reporters.JUnitReportReporter -->
<testsuite hostname="IN-90DK1N3" failures="0" tests="1" name="testCase" time="4.389" errors="0" timestamp="2024-02-13T17:35:23 IST" skipped="0">
  <testcase classname="testCase" name="testDemo" time="4.389"/>
  <system-out/>
</testsuite> <!-- testCase -->
